<?xml version="1.0" encoding="UTF-8"?>
<!-- Generated by org.testng.reporters.JUnitXMLReporter -->
<testsuite ignored="0" hostname="DESKTOP-PPRM0TA" failures="0" tests="3" name="Default test" time="1.973" errors="0" timestamp="2022-12-20T12:11:26 IST">
  <testcase classname="Files.DynamicJson" name="addBook" time="1.739"/>
  <testcase classname="Files.DynamicJson" name="addBook" time="0.111"/>
  <testcase classname="Files.DynamicJson" name="addBook" time="0.088"/>
</testsuite> <!-- Default test -->
