<?xml version="1.0" encoding="UTF-8"?>
<testng-results ignored="0" total="3" passed="3" failed="0" skipped="0">
  <reporter-output>
  </reporter-output>
  <suite started-at="2022-12-20T12:11:24 IST" name="Default suite" finished-at="2022-12-20T12:11:26 IST" duration-ms="1973">
    <groups>
    </groups>
    <test started-at="2022-12-20T12:11:24 IST" name="Default test" finished-at="2022-12-20T12:11:26 IST" duration-ms="1973">
      <class name="Files.DynamicJson">
        <test-method signature="addBook(java.lang.String,java.lang.String)[pri:0, instance:Files.DynamicJson@4efc180e]" started-at="2022-12-20T12:11:24 IST" name="addBook" data-provider="booksData" finished-at="2022-12-20T12:11:26 IST" duration-ms="1739" status="PASS">
          <params>
            <param index="0">
              <value>
                <![CDATA[mnfbc]]>
              </value>
            </param>
            <param index="1">
              <value>
                <![CDATA[2383544]]>
              </value>
            </param>
          </params>
          <reporter-output>
          </reporter-output>
        </test-method> <!-- addBook -->
        <test-method signature="addBook(java.lang.String,java.lang.String)[pri:0, instance:Files.DynamicJson@4efc180e]" started-at="2022-12-20T12:11:26 IST" name="addBook" data-provider="booksData" finished-at="2022-12-20T12:11:26 IST" duration-ms="111" status="PASS">
          <params>
            <param index="0">
              <value>
                <![CDATA[euhgfgfrt]]>
              </value>
            </param>
            <param index="1">
              <value>
                <![CDATA[4056]]>
              </value>
            </param>
          </params>
          <reporter-output>
          </reporter-output>
        </test-method> <!-- addBook -->
        <test-method signature="addBook(java.lang.String,java.lang.String)[pri:0, instance:Files.DynamicJson@4efc180e]" started-at="2022-12-20T12:11:26 IST" name="addBook" data-provider="booksData" finished-at="2022-12-20T12:11:26 IST" duration-ms="88" status="PASS">
          <params>
            <param index="0">
              <value>
                <![CDATA[wsedijrf]]>
              </value>
            </param>
            <param index="1">
              <value>
                <![CDATA[50432]]>
              </value>
            </param>
          </params>
          <reporter-output>
          </reporter-output>
        </test-method> <!-- addBook -->
      </class> <!-- Files.DynamicJson -->
    </test> <!-- Default test -->
  </suite> <!-- Default suite -->
</testng-results>
